<?xml version="1.0" encoding="UTF-8"?>
<!-- Generated by org.testng.reporters.JUnitReportReporter -->
<testsuite skipped="0" hostname="DESKTOP-JGKG8G1" name="AppiumProject.Activity2_3" tests="2" failures="0" timestamp="2020-12-07T23:15:25 IST" time="14.170" errors="0">
  <testcase name="incorrectLogin" time="7.122" classname="AppiumProject.Activity2_3"/>
  <testcase name="correctLogin" time="7.048" classname="AppiumProject.Activity2_3"/>
</testsuite> <!-- AppiumProject.Activity2_3 -->
