<?xml version="1.0" encoding="UTF-8"?>
<!-- Generated by org.testng.reporters.JUnitReportReporter -->
<testsuite skipped="0" hostname="DESKTOP-JGKG8G1" name="AppiumProject.Activity1_3" tests="1" failures="0" timestamp="2020-12-07T23:15:25 IST" time="20.656" errors="0">
  <testcase name="addReminder" time="20.656" classname="AppiumProject.Activity1_3"/>
</testsuite> <!-- AppiumProject.Activity1_3 -->
