<?xml version="1.0" encoding="UTF-8"?>
<!-- Generated by org.testng.reporters.JUnitReportReporter -->
<testsuite skipped="0" hostname="DESKTOP-JGKG8G1" name="AppiumProject.Activity2_2" tests="2" failures="0" timestamp="2020-12-07T23:15:25 IST" time="10.383" errors="0">
  <testcase name="correctLogin" time="4.709" classname="AppiumProject.Activity2_2"/>
  <testcase name="incorrectLogin" time="5.674" classname="AppiumProject.Activity2_2"/>
</testsuite> <!-- AppiumProject.Activity2_2 -->
