<?xml version="1.0" encoding="UTF-8"?>
<!-- Generated by org.testng.reporters.JUnitReportReporter -->
<testsuite skipped="0" hostname="DESKTOP-JGKG8G1" name="AppiumProject.Activity2_1" tests="1" failures="0" timestamp="2020-12-07T23:15:25 IST" time="24.533" errors="0">
  <testcase name="toDoList" time="24.533" classname="AppiumProject.Activity2_1"/>
</testsuite> <!-- AppiumProject.Activity2_1 -->
