<?xml version="1.0" encoding="UTF-8"?>
<!-- Generated by org.testng.reporters.JUnitReportReporter -->
<testsuite skipped="0" hostname="DESKTOP-JGKG8G1" name="hrm_Project.Activity6" tests="1" failures="0" timestamp="2020-11-23T12:22:44 IST" time="2.589" errors="0">
  <testcase name="testActivity6" time="2.589" classname="hrm_Project.Activity6"/>
  <system-out/>
</testsuite> <!-- hrm_Project.Activity6 -->
