<?xml version="1.0" encoding="UTF-8"?>
<!-- Generated by org.testng.reporters.JUnitReportReporter -->
<testsuite skipped="0" hostname="DESKTOP-JGKG8G1" name="hrm_Project.Activity4" tests="1" failures="0" timestamp="2020-11-20T18:16:08 IST" time="8.156" errors="0">
  <testcase name="testActivity4" time="8.156" classname="hrm_Project.Activity4"/>
  <system-out>
Employee profile successfully created  </system-out>
</testsuite> <!-- hrm_Project.Activity4 -->
