<?xml version="1.0" encoding="UTF-8"?>
<!-- Generated by org.testng.reporters.JUnitReportReporter -->
<testsuite skipped="0" hostname="DESKTOP-JGKG8G1" name="hrm_Project.Activity9" tests="1" failures="0" timestamp="2020-11-23T12:22:44 IST" time="1.621" errors="0">
  <testcase name="testActivity9" time="1.621" classname="hrm_Project.Activity9"/>
  <system-out>
There are 3 emergency contacts listed.
 Contact 1 details are: 	 Hira	 Brother	 	 9999997777	 	 
--------------------------------------------------  Contact 2 details are: 	 Test	 Spouse	 	 1234567890	 	 
--------------------------------------------------  Contact 3 details are: 	 Test1	 brother	 	 0123456789	 	 
--------------------------------------------------   </system-out>
</testsuite> <!-- hrm_Project.Activity9 -->
