<?xml version="1.0" encoding="UTF-8"?>
<!-- Generated by org.testng.reporters.JUnitReportReporter -->
<testsuite skipped="0" hostname="DESKTOP-JGKG8G1" name="hrm_Project.Activity3" tests="1" failures="0" timestamp="2020-11-23T12:22:44 IST" time="1.350" errors="0">
  <testcase name="testActivity3" time="1.350" classname="hrm_Project.Activity3"/>
  <system-out/>
</testsuite> <!-- hrm_Project.Activity3 -->
