<?xml version="1.0" encoding="UTF-8"?>
<!-- Generated by org.testng.reporters.JUnitReportReporter -->
<testsuite skipped="0" hostname="DESKTOP-JGKG8G1" name="hrm_Project.Activity2" tests="1" failures="0" timestamp="2020-11-23T12:22:44 IST" time="0.178" errors="0">
  <testcase name="testActivity2" time="0.178" classname="hrm_Project.Activity2"/>
  <system-out>
Title is: OrangeHRM  url of the header image ishttp://alchemy.hguy.co:8080/orangehrm/symfony/web/webres_5d69118beeec64.10301452/themes/default/images/login/logo.png  </system-out>
</testsuite> <!-- hrm_Project.Activity2 -->
