<?xml version="1.0" encoding="UTF-8"?>
<!-- Generated by org.testng.reporters.JUnitReportReporter -->
<testsuite skipped="0" hostname="DESKTOP-JGKG8G1" name="hrm_Project.Activity8" tests="1" failures="0" timestamp="2020-11-20T18:16:08 IST" time="6.984" errors="0">
  <testcase name="testActivity8" time="6.984" classname="hrm_Project.Activity8"/>
  <system-out>
Leave status of application number 1 for date(s) 2020-11-20 is : Cancelled(1.00)  </system-out>
</testsuite> <!-- hrm_Project.Activity8 -->
