<?xml version="1.0" encoding="UTF-8"?>
<!-- Generated by org.testng.reporters.JUnitReportReporter -->
<testsuite skipped="0" hostname="DESKTOP-JGKG8G1" name="hrm_Project.Activity8" tests="1" failures="0" timestamp="2020-11-23T12:22:44 IST" time="3.638" errors="0">
  <testcase name="testActivity8" time="3.638" classname="hrm_Project.Activity8"/>
  <system-out>
Leave status of application number 1 for date(s) 2020-11-23 is : Cancelled(1.00) Leave status of application number 2 for date(s) 2020-11-23 is : Pending Approval(1.00)  </system-out>
</testsuite> <!-- hrm_Project.Activity8 -->
